<?xml version="1.0" encoding="UTF-8"?>
<!-- Generated by org.testng.reporters.JUnitXMLReporter -->
<testsuite hostname="DESKTOP-0103EQT" ignored="0" name="Test" tests="4" failures="1" timestamp="2020-12-10T16:13:47 IST" time="475.23" errors="0">
  <testcase name="ItemSampling" time="108.112" classname="PharmaAddon.Sampling"/>
  <testcase name="UndertestTransfer" time="127.036" classname="PharmaAddon.QuarantineUnsertestTransfer"/>
  <testcase name="QCSetup" time="85.4" classname="PharmaAddon.QualityMaster"/>
  <testcase name="QC" time="153.375" classname="PharmaAddon.QualityCheck">
    <failure type="org.sikuli.script.FindFailed" message="SamplePrintfile.png: (43x35) seen at (790, 732) with 1.00 in R[0,0 1366x768]@S(0)">
      <![CDATA[FindFailed: SamplePrintfile.png: (43x35) seen at (790, 732) with 1.00 in R[0,0 1366x768]@S(0)
  Line 2284, in file Region.java

at org.sikuli.script.Region.wait(Region.java:2284)
at org.sikuli.script.Region.wait(Region.java:2302)
at org.sikuli.script.Region.getLocationFromTarget(Region.java:3329)
at org.sikuli.script.Region.click(Region.java:3982)
at org.sikuli.script.Region.click(Region.java:3958)
at PharmaAddon.QualityCheck.QC(QualityCheck.java:327)
at java.util.ArrayList.forEach(ArrayList.java:1257)
... Removed 27 stack frames]]>
    </failure>
  </testcase> <!-- QC -->
</testsuite> <!-- Test -->
