<?xml version="1.0" encoding="UTF-8"?>
<testng-results skipped="0" failed="1" ignored="0" total="1" passed="0">
  <reporter-output>
  </reporter-output>
  <suite name="Default suite" duration-ms="80618" started-at="2020-12-10T18:10:18 IST" finished-at="2020-12-10T18:11:39 IST">
    <groups>
    </groups>
    <test name="Default test" duration-ms="80618" started-at="2020-12-10T18:10:18 IST" finished-at="2020-12-10T18:11:39 IST">
      <class name="PharmaAddon.VendorCreation">
        <test-method status="FAIL" signature="CreateVendor(java.lang.String, java.lang.String, java.lang.String, java.lang.String, java.lang.String, java.lang.String, java.lang.String, java.lang.String, java.lang.String, java.lang.String, java.lang.String, java.lang.String, java.lang.String, java.lang.String, java.lang.String, java.lang.String, java.lang.String, java.lang.String, java.lang.String, java.lang.String)[pri:0, instance:PharmaAddon.VendorCreation@6e6c3152]" name="CreateVendor" duration-ms="79758" started-at="2020-12-10T18:10:19 IST" data-provider="getDataForAccount" finished-at="2020-12-10T18:11:39 IST">
          <params>
            <param index="0">
              <value>
                <![CDATA[Vendorritu1012202]]>
              </value>
            </param>
            <param index="1">
              <value>
                <![CDATA[Vendor-1012202]]>
              </value>
            </param>
            <param index="2">
              <value>
                <![CDATA[Vendor]]>
              </value>
            </param>
            <param index="3">
              <value>
                <![CDATA[Supplier]]>
              </value>
            </param>
            <param index="4">
              <value>
                <![CDATA[9456929838]]>
              </value>
            </param>
            <param index="5">
              <value>
                <![CDATA[Indian Rupee]]>
              </value>
            </param>
            <param index="6">
              <value>
                <![CDATA[Pay To]]>
              </value>
            </param>
            <param index="7">
              <value>
                <![CDATA[Meerut]]>
              </value>
            </param>
            <param index="8">
              <value>
                <![CDATA[test]]>
              </value>
            </param>
            <param index="9">
              <value>
                <![CDATA[Mohkampur Enclave, Phase I,]]>
              </value>
            </param>
            <param index="10">
              <value>
                <![CDATA[250103]]>
              </value>
            </param>
            <param index="11">
              <value>
                <![CDATA[Meerut]]>
              </value>
            </param>
            <param index="12">
              <value>
                <![CDATA[India]]>
              </value>
            </param>
            <param index="13">
              <value>
                <![CDATA[Uttar Pradesh]]>
              </value>
            </param>
            <param index="14">
              <value>
                <![CDATA[35B]]>
              </value>
            </param>
            <param index="15">
              <value>
                <![CDATA[test]]>
              </value>
            </param>
            <param index="16">
              <value>
                <![CDATA[test]]>
              </value>
            </param>
            <param index="17">
              <value>
                <![CDATA[test]]>
              </value>
            </param>
            <param index="18">
              <value>
                <![CDATA[09AABCL3646F1ZK]]>
              </value>
            </param>
            <param index="19">
              <value>
                <![CDATA[Regular/TDS/ISD]]>
              </value>
            </param>
          </params>
          <exception class="org.sikuli.script.FindFailed">
            <message>
              <![CDATA[ReguralTDSIDS.png: (108x16) in R[0,0 1366x768]@S(0)]]>
            </message>
            <full-stacktrace>
              <![CDATA[FindFailed: ReguralTDSIDS.png: (108x16) in R[0,0 1366x768]@S(0)
  Line 2284, in file Region.java

at org.sikuli.script.Region.wait(Region.java:2284)
at org.sikuli.script.Region.wait(Region.java:2302)
at org.sikuli.script.Region.getLocationFromTarget(Region.java:3329)
at org.sikuli.script.Region.click(Region.java:3982)
at org.sikuli.script.Region.click(Region.java:3958)
at PharmaAddon.VendorCreation.CreateVendor(VendorCreation.java:311)
at sun.reflect.NativeMethodAccessorImpl.invoke0(Native Method)
at sun.reflect.NativeMethodAccessorImpl.invoke(NativeMethodAccessorImpl.java:62)
at sun.reflect.DelegatingMethodAccessorImpl.invoke(DelegatingMethodAccessorImpl.java:43)
at java.lang.reflect.Method.invoke(Method.java:498)
at org.testng.internal.MethodInvocationHelper.invokeMethod(MethodInvocationHelper.java:133)
at org.testng.internal.TestInvoker.invokeMethod(TestInvoker.java:584)
at org.testng.internal.TestInvoker.invokeTestMethod(TestInvoker.java:172)
at org.testng.internal.MethodRunner.runInSequence(MethodRunner.java:46)
at org.testng.internal.TestInvoker$MethodInvocationAgent.invoke(TestInvoker.java:804)
at org.testng.internal.TestInvoker.invokeTestMethods(TestInvoker.java:145)
at org.testng.internal.TestMethodWorker.invokeTestMethods(TestMethodWorker.java:146)
at org.testng.internal.TestMethodWorker.run(TestMethodWorker.java:128)
at java.util.ArrayList.forEach(ArrayList.java:1257)
at org.testng.TestRunner.privateRun(TestRunner.java:770)
at org.testng.TestRunner.run(TestRunner.java:591)
at org.testng.SuiteRunner.runTest(SuiteRunner.java:402)
at org.testng.SuiteRunner.runSequentially(SuiteRunner.java:396)
at org.testng.SuiteRunner.privateRun(SuiteRunner.java:355)
at org.testng.SuiteRunner.run(SuiteRunner.java:304)
at org.testng.SuiteRunnerWorker.runSuite(SuiteRunnerWorker.java:53)
at org.testng.SuiteRunnerWorker.run(SuiteRunnerWorker.java:96)
at org.testng.TestNG.runSuitesSequentially(TestNG.java:1180)
at org.testng.TestNG.runSuitesLocally(TestNG.java:1102)
at org.testng.TestNG.runSuites(TestNG.java:1032)
at org.testng.TestNG.run(TestNG.java:1000)
at org.testng.remote.AbstractRemoteTestNG.run(AbstractRemoteTestNG.java:115)
at org.testng.remote.RemoteTestNG.initAndRun(RemoteTestNG.java:251)
at org.testng.remote.RemoteTestNG.main(RemoteTestNG.java:77)
]]>
            </full-stacktrace>
          </exception> <!-- org.sikuli.script.FindFailed -->
          <reporter-output>
          </reporter-output>
        </test-method> <!-- CreateVendor -->
      </class> <!-- PharmaAddon.VendorCreation -->
    </test> <!-- Default test -->
  </suite> <!-- Default suite -->
</testng-results>
